<?xml version="1.0" encoding="UTF-8" ?>
<testsuite tests="12" failures="0" name="testrunner.TestRunner" time="265.493" errors="0" skipped="0">
  <properties>
    <property name="java.runtime.name" value="Java(TM) SE Runtime Environment"/>
    <property name="java.vm.version" value="18.0.1.1+2-6"/>
    <property name="sun.boot.library.path" value="C:\Program Files\Java\jdk-18.0.1.1\bin"/>
    <property name="maven.multiModuleProjectDirectory" value="F:\Studying\Front End testing Nanodegree Udacity\Project 2\E-commerce App Automation Testing"/>
    <property name="java.vm.vendor" value="Oracle Corporation"/>
    <property name="java.vendor.url" value="https://java.oracle.com/"/>
    <property name="guice.disable.misplaced.annotation.check" value="true"/>
    <property name="path.separator" value=";"/>
    <property name="java.vm.name" value="Java HotSpot(TM) 64-Bit Server VM"/>
    <property name="sun.os.patch.level" value=""/>
    <property name="user.script" value=""/>
    <property name="user.country" value="US"/>
    <property name="sun.java.launcher" value="SUN_STANDARD"/>
    <property name="java.vm.specification.name" value="Java Virtual Machine Specification"/>
    <property name="user.dir" value="F:\Studying\Front End testing Nanodegree Udacity\Project 2\E-commerce App Automation Testing"/>
    <property name="java.vm.compressedOopsMode" value="Zero based"/>
    <property name="java.runtime.version" value="18.0.1.1+2-6"/>
    <property name="os.arch" value="amd64"/>
    <property name="java.io.tmpdir" value="C:\Users\Knight\AppData\Local\Temp\"/>
    <property name="line.separator" value="
"/>
    <property name="java.vm.specification.vendor" value="Oracle Corporation"/>
    <property name="user.variant" value=""/>
    <property name="os.name" value="Windows 10"/>
    <property name="classworlds.conf" value="D:\Programming\IntelliJ IDEA Community Edition 2022.2.3\plugins\maven\lib\apache-maven-3.8.6\bin\m2.conf"/>
    <property name="sun.jnu.encoding" value="Cp1252"/>
    <property name="java.library.path" value="C:\Program Files\Java\jdk-18.0.1.1\bin;C:\Windows\Sun\Java\bin;C:\Windows\system32;C:\Windows;C:\Python310\Scripts\;C:\Python310\;C:\Program Files\Common Files\Oracle\Java\javapath;C:\Windows\system32;C:\Windows;C:\Windows\System32\Wbem;C:\Windows\System32\WindowsPowerShell\v1.0\;C:\Windows\System32\OpenSSH\;C:\Program Files\NVIDIA Corporation\NVIDIA NvDLISR;C:\Program Files (x86)\NVIDIA Corporation\PhysX\Common;D:\Programming\nodejs\;C:\ProgramData\chocolatey\bin;D:\Programming\K6\;C:\Program Files\dotnet\;C:\Program Files\Git\cmd;D:\Programming\IntelliJ IDEA Community Edition 2022.2.3\plugins\maven\lib\apache-maven-3.8.6\bin;C:\Program Files\Java\jdk-18.0.1.1\bin;C:\Users\Knight\AppData\Local\Microsoft\WindowsApps;C:\Users\Knight\AppData\Roaming\npm;D:\Programming\Android\kotlinc\bin;D:\Programming\Visual Studio\Microsoft VS Code\bin;D:\Programming\IntelliJ IDEA Community Edition 2022.2.3\bin;;C:\Program Files\Java\jdk-18.0.1.1\bin;;."/>
    <property name="maven.conf" value="D:\Programming\IntelliJ IDEA Community Edition 2022.2.3\plugins\maven\lib\apache-maven-3.8.6/conf"/>
    <property name="jdk.debug" value="release"/>
    <property name="java.class.version" value="62.0"/>
    <property name="java.specification.name" value="Java Platform API Specification"/>
    <property name="sun.management.compiler" value="HotSpot 64-Bit Tiered Compilers"/>
    <property name="os.version" value="10.0"/>
    <property name="library.jansi.path" value="D:\Programming\IntelliJ IDEA Community Edition 2022.2.3\plugins\maven\lib\apache-maven-3.8.6\lib\jansi-native"/>
    <property name="user.home" value="C:\Users\Knight"/>
    <property name="user.timezone" value="Africa/Cairo"/>
    <property name="file.encoding" value="UTF-8"/>
    <property name="java.specification.version" value="18"/>
    <property name="user.name" value="Knight"/>
    <property name="java.class.path" value="D:\Programming\IntelliJ IDEA Community Edition 2022.2.3\plugins\maven\lib\apache-maven-3.8.6\boot\plexus-classworlds-2.6.0.jar"/>
    <property name="java.vm.specification.version" value="18"/>
    <property name="sun.arch.data.model" value="64"/>
    <property name="sun.java.command" value="org.codehaus.plexus.classworlds.launcher.Launcher clean verify"/>
    <property name="java.home" value="C:\Program Files\Java\jdk-18.0.1.1"/>
    <property name="user.language" value="en"/>
    <property name="java.specification.vendor" value="Oracle Corporation"/>
    <property name="java.vm.info" value="mixed mode, sharing"/>
    <property name="java.version" value="18.0.1.1"/>
    <property name="native.encoding" value="Cp1252"/>
    <property name="java.vendor" value="Oracle Corporation"/>
    <property name="sun.stderr.encoding" value="cp437"/>
    <property name="maven.home" value="D:\Programming\IntelliJ IDEA Community Edition 2022.2.3\plugins\maven\lib\apache-maven-3.8.6"/>
    <property name="file.separator" value="\"/>
    <property name="java.version.date" value="2022-04-22"/>
    <property name="java.vendor.url.bug" value="https://bugreport.java.com/bugreport/"/>
    <property name="sun.io.unicode.encoding" value="UnicodeLittle"/>
    <property name="sun.cpu.endian" value="little"/>
    <property name="sun.stdout.encoding" value="cp437"/>
    <property name="sun.cpu.isalist" value="amd64"/>
  </properties>
  <testcase classname="testrunner.TestRunner" name="runScenario" time="6.625"/>
  <testcase classname="testrunner.TestRunner" name="runScenario" time="51.877"/>
  <testcase classname="testrunner.TestRunner" name="runScenario" time="41.48"/>
  <testcase classname="testrunner.TestRunner" name="runScenario" time="50.26"/>
  <testcase classname="testrunner.TestRunner" name="runScenario" time="10.182"/>
  <testcase classname="testrunner.TestRunner" name="runScenario" time="8.577"/>
  <testcase classname="testrunner.TestRunner" name="runScenario" time="6.35"/>
  <testcase classname="testrunner.TestRunner" name="runScenario" time="5.008"/>
  <testcase classname="testrunner.TestRunner" name="runScenario" time="5.912"/>
  <testcase classname="testrunner.TestRunner" name="runScenario" time="61.953"/>
  <testcase classname="testrunner.TestRunner" name="runScenario" time="5.875"/>
  <testcase classname="testrunner.TestRunner" name="runScenario" time="11.394"/>
</testsuite>