<?xml version="1.0" encoding="UTF-8"?>
<!-- Generated by org.testng.reporters.JUnitReportReporter -->
<testsuite hostname="DESKTOP-5BKD9P7" failures="0" tests="12" name="testrunner.TestRunner" time="265.490" errors="0" timestamp="2022-12-14T23:46:22 EET" skipped="0">
  <testcase classname="testrunner.TestRunner" name="runScenario" time="50.259"/>
  <system-out/>
  <testcase classname="testrunner.TestRunner" name="runScenario" time="5.876"/>
  <system-out/>
  <testcase classname="testrunner.TestRunner" name="runScenario" time="61.953"/>
  <system-out/>
  <testcase classname="testrunner.TestRunner" name="runScenario" time="51.877"/>
  <system-out/>
  <testcase classname="testrunner.TestRunner" name="runScenario" time="6.624"/>
  <system-out/>
  <testcase classname="testrunner.TestRunner" name="runScenario" time="11.394"/>
  <system-out/>
  <testcase classname="testrunner.TestRunner" name="runScenario" time="5.008"/>
  <system-out/>
  <testcase classname="testrunner.TestRunner" name="runScenario" time="41.479"/>
  <system-out/>
  <testcase classname="testrunner.TestRunner" name="runScenario" time="10.182"/>
  <system-out/>
  <testcase classname="testrunner.TestRunner" name="runScenario" time="5.912"/>
  <system-out/>
  <testcase classname="testrunner.TestRunner" name="runScenario" time="8.576"/>
  <system-out/>
  <testcase classname="testrunner.TestRunner" name="runScenario" time="6.350"/>
  <system-out/>
</testsuite> <!-- testrunner.TestRunner -->
